<?xml version="1.0" encoding="UTF-8"?>
<!-- Generated by org.testng.reporters.JUnitReportReporter -->
<testsuite hostname="LAPTOP-JI1PGURS" failures="0" tests="2" name="com.hyr.testautomation.WindowHandles" time="9.080" errors="0" timestamp="2025-03-27T17:21:15 IST" skipped="0">
  <testcase classname="com.hyr.testautomation.WindowHandles" name="practiceselenium" time="0.348"/>
  <testcase classname="com.hyr.testautomation.WindowHandles" name="NewWindowOpen" time="8.732"/>
</testsuite> <!-- com.hyr.testautomation.WindowHandles -->
